<!DOCTYPE frameset SYSTEM "frameset.dtd">
<frameset>
    <predicate lemma="test">
        
        
        <roleset framnet="Operational_testing  Examination" id="test.01" name="check (for), examine" vncls="35.4">
            <roles>
                <role descr="examiner" f="" n="0">
                    <vnrole vncls="35.4" vntheta="agent"/>
                </role>
                <role descr="examined" f="" n="1">
                    <vnrole vncls="35.4" vntheta="location"/>
                </role>
                <role descr="in search of, for what" f="" n="2">
                    <vnrole vncls="35.4" vntheta="theme"/>
                </role>
                
                <note/>
            </roles>
            
            <example name="just transitive" src="" type="">
                <inflection aspect="ns" form="full" person="third" tense="present" voice="active"/>
                <text>A Toto spokesman said the toilet not only tests blood pressure,
                    pulse and urine, it also stores the data for up to 130 days.
                </text>
                <arg f="" n="0">the toilet</arg>
                
                <rel f="">tests</rel>
                <arg f="" n="1">blood pressure, pulse and urine</arg>
                
                
                <note>I would love to see the rest of the context here.</note>
            </example>
            
            <example name="all args" src="" type="">
                <inflection aspect="ns" form="full" person="ns" tense="past" voice="active"/>
                <text>John tested Mary for violent tendencies.</text>
                <arg f="" n="0">John</arg>
                <rel f="">tested</rel>
                <arg f="" n="1">Mary</arg>
                <arg f="" n="2">for violent tendencies</arg>
                
                <note/>
            </example>
            
            
            
            
            <note>Frames file for 'test' based on sentences in financial subcorpus.
                VerbNet class investigate-35.4.
            </note>
        </roleset>
        
        <note/>
    </predicate>
    
    <note/>
</frameset>
