<!DOCTYPE frameset SYSTEM "frameset.dtd">
<frameset>
    <predicate lemma="test">
        <roleset framnet="" id="test.01" name="check (for), examine" source="verb-test.01" vncls="35.4">
            <roles>
                
                <role descr="examiner" f="" n="0">
                    <vnrole vncls="35.4" vntheta="agent"/>
                </role>
                
                <role descr="examined" f="" n="1">
                    <vnrole vncls="35.4" vntheta="location"/>
                </role>
                
                <role descr="in search of, for what" f="" n="2">
                    <vnrole vncls="35.4" vntheta="theme"/>
                </role>
                
                
                
                
                <note/>
                <role descr="Result of test, tested as" f="" n="3"/>
            </roles>
            
            <example name="autogen1" src="autogen1" type="autogen1">
                <text>It did n't run a production test on the three discovery wells it
                    drilled in the field , which is about 1.6 miles from the Intan
                    Field , because the wells are similar to others drilled at its
                    Intan and Widuri fields
                </text>
                
                
                <arg f="" n="2">production</arg>
                <rel f="">test</rel>
                <arg f="" n="1">on the three discovery wells it drilled in the field , which is about 1.6 miles from the Intan Field ,</arg>
                
                
                
                <note/>
            </example>
            
            <example name="NP only" src="NP only" type="NP only">
                <text>viability tests for fetuses 19 weeks and older</text>
                <arg f="" n="2">viability</arg>
                <rel f="">tests</rel>
                <arg f="" n="1">for fetuses 19 weeks and older</arg>
                
                
                
                <note/>
            </example>
            
            
            <example name="Infinitival complement as arg 2" src="Infinitival complement as arg 2" type="Infinitival complement as arg 2">
                <inflection aspect="ns" form="ns" person="ns" tense="ns" voice="ns"/>
                <text>They are designing some sophisticated tests to look for the Hadron particle.</text>
                
                <arg f="mnr" n="m">sophisticated</arg>
                <rel f="">tests</rel>
                <arg f="" n="2">to look for the Hadron particle</arg>
                
                
                <note/>
            </example>
            <example name="&quot;of&quot; PP complement as arg2" src="&quot;of&quot; PP complement as arg2" type="&quot;of&quot; PP complement as arg2">
                <inflection aspect="ns" form="ns" person="ns" tense="ns" voice="ns"/>
                <text>The young man did not think he could pass the test of loyalty demanded by the mafia don.</text>
                
                <rel f="">test</rel>
                <arg f="" n="2">of loyalty</arg>
                
                
                <note/>
            </example>
            <example name="Figurative" src="Figurative" type="Figurative">
                <inflection aspect="ns" form="ns" person="ns" tense="ns" voice="ns"/>
                <text>This old garden hoe has withstood the test of time.</text>
                
                <rel f="">test</rel>
                <arg f="" n="0">of time</arg>
                
                
                <note/>
            </example>
            
            
            <note>Roleset based on verb entry test.01, OntoNotes sense grouping test.01, test.02; maps to VN class investigate-35.4.  Framed by Claire</note>
        </roleset>
        
        
        
        <note/>
    </predicate>
    
    
    
    <note/>
</frameset>
